<?xml version="1.0" encoding="UTF-8"?>
<!-- Generated by org.testng.reporters.JUnitReportReporter -->
<testsuite hostname="EPINHYDW0843" failures="0" tests="1" name="script.TestClass1" time="8.526" errors="0" timestamp="25 Jul 2022 02:52:42 GMT" skipped="0">
  <testcase classname="script.TestClass1" name="testA" time="8.526"/>
</testsuite> <!-- script.TestClass1 -->
